
> artikel@0.1.0 build
> next build

Γû▓ Next.js 16.1.6 (Turbopack)

  Creating an optimized production build ...
node.exe : 
At line:1 char:1
+ & "C:\Program Files\nodejs/node.ex
e" "C:\Program Files\nodejs/node_mo 
...
+ ~~~~~~~~~~~~~~~~~~~~~~~~~~~~~~~~~~
~~~~~~~~~~~~~~~~~~~~~~~~~~~~~~~~~~~
    + CategoryInfo          : NotSp 
   ecified: (:String) [], RemoteEx  
  ception
    + FullyQualifiedErrorId : Nativ 
   eCommandError
 
> Build error occurred
Error: Turbopack build failed with 1
 errors:
./src/app/[locale]/layout.tsx:11:1
Module not found: Can't resolve '@/c
omponents/FloatingCTA'
[0m [90m  9 |[39m [36mimport[39
m [33mNavbar[39m [36mfrom[39m [
32m'@/components/Navbar'[39m[33m;
[39m
 [90m 10 |[39m [36mimport[39m [
33mFooter[39m [36mfrom[39m [32m'
@/components/Footer'[39m[33m;[39m
[31m[1m>[22m[39m[90m 11 |[39m 
[36mimport[39m [33mFloatingCTA[3
9m [36mfrom[39m [32m'@/components
/FloatingCTA'[39m[33m;[39m
 [90m    |[39m [31m[1m^[22m[39
m[31m[1m^[22m[39m[31m[1m^[22m
[39m[31m[1m^[22m[39m[31m[1m^
[22m[39m[31m[1m^[22m[39m[31m[
1m^[22m[39m[31m[1m^[22m[39m[3
1m[1m^[22m[39m[31m[1m^[22m[39
m[31m[1m^[22m[39m[31m[1m^[22m
[39m[31m[1m^[22m[39m[31m[1m^
[22m[39m[31m[1m^[22m[39m[31m[
1m^[22m[39m[31m[1m^[22m[39m[3
1m[1m^[22m[39m[31m[1m^[22m[39
m[31m[1m^[22m[39m[31m[1m^[22m
[39m[31m[1m^[22m[39m[31m[1m^
[22m[39m[31m[1m^[22m[39m[31m[
1m^[22m[39m[31m[1m^[22m[39m[3
1m[1m^[22m[39m[31m[1m^[22m[39
m[31m[1m^[22m[39m[31m[1m^[22m
[39m[31m[1m^[22m[39m[31m[1m^
[22m[39m[31m[1m^[22m[39m[31m[
1m^[22m[39m[31m[1m^[22m[39m[3
1m[1m^[22m[39m[31m[1m^[22m[39
m[31m[1m^[22m[39m[31m[1m^[22m
[39m[31m[1m^[22m[39m[31m[1m^
[22m[39m[31m[1m^[22m[39m[31m[
1m^[22m[39m[31m[1m^[22m[39m[3
1m[1m^[22m[39m[31m[1m^[22m[39
m[31m[1m^[22m[39m[31m[1m^[22m
[39m[31m[1m^[22m[39m[31m[1m^
[22m[39m[31m[1m^[22m[39m
 [90m 12 |[39m
 [90m 13 |[39m [36mconst[39m int
er [33m=[39m [33mInter[39m({ sub
sets[33m:[39m [[32m'latin'[39m] 
})[33m;[39m
 [90m 14 |[39m[0m

Import map: aliased to relative './s
rc/components/FloatingCTA' inside of
 [project]/


https://nextjs.org/docs/messages/mod
ule-not-found


    at <unknown> (./src/app/[locale]
/layout.tsx:11:1)
    at <unknown> (https://nextjs.org
/docs/messages/module-not-found)
